{"logLevel":"debug","message":"multithreading is set to false"}
{"logLevel":"debug","message":"Using reflection to scan dependencies for gauge implementations..."}
SLF4J: Failed to load class "org.slf4j.impl.StaticLoggerBinder".
SLF4J: Defaulting to no-operation (NOP) logger implementation
SLF4J: See http://www.slf4j.org/codes.html#StaticLoggerBinder for further details.
{"logLevel":"debug","message":"gauge-java took 479milliseconds to load and scan. This should be less than 'runner_connection_timeout' config value."}
{"logLevel":"debug","message":"run 'gauge config runner_connection_timeout' and verify that it is < 479"}
{"logLevel":"debug","message":"starting gRPC server..."}
{"logLevel":"debug","message":"started gRPC server on port 40401"}
{"logLevel":"info","message":"Listening on port:40401"}
{"logLevel":"debug","message":"Scanning packages for steps"}
{"logLevel":"debug","message":"Comparing 'StepImplementation.navigateToTheSite' and 'StepImplementation.navigateToTheSite'"}
{"logLevel":"debug","message":"Found Navigate to the site in current project scope."}
{"logLevel":"debug","message":"Comparing 'StepImplementation.enterUsernameAndPassword' and 'StepImplementation.enterUsernameAndPassword'"}
{"logLevel":"debug","message":"Found Enter username and password in current project scope."}
{"logLevel":"debug","message":"Scanning packages for hooks"}
{"logLevel":"debug","message":"Scanned steps (using static parsing + reflections): "}
{"logLevel":"debug","message":"\tEnter username and password : public void enterUsernameAndPassword()"}
{"logLevel":"debug","message":"\tNavigate to the site : public void navigateToTheSite()"}
Starting ChromeDriver 105.0.5195.52 (412c95e518836d8a7d97250d62b29c2ae6a26a85-refs/branch-heads/5195@{#853}) on port 10552
Only local connections are allowed.
Please see https://chromedriver.chromium.org/security-considerations for suggestions on keeping ChromeDriver safe.
ChromeDriver was started successfully.
Sep 03, 2022 2:17:43 PM org.openqa.selenium.remote.ProtocolHandshake createSession
INFO: Detected dialect: W3C
{"logLevel":"debug","message":"Executing 'Navigate to the site' using 'class StepImplementation.navigateToTheSite"}
{"logLevel":"debug","message":"Executing 'Enter username and password' using 'class StepImplementation.enterUsernameAndPassword"}
{"logLevel":"debug","message":"Killing Java runner..."}
{"logLevel":"debug","message":"Stopping execution pool..."}
{"logLevel":"debug","message":"Shutting down grpc server..."}
{"logLevel":"debug","message":"Runner killed gracefully."}
